<?xml version="1.0" encoding="UTF-8"?>
<!-- Generated by org.testng.reporters.JUnitReportReporter -->
<testsuite hostname="Surajs-MBP.lan" failures="0" tests="1" name="mavendemoproject.MavenProject.TestCase1_Register" time="7.666" errors="0" timestamp="2024-09-22T22:48:24 GMT-07:00" skipped="0">
  <testcase classname="mavendemoproject.MavenProject.TestCase1_Register" name="Registration" time="7.666"/>
  <system-out/>
</testsuite> <!-- mavendemoproject.MavenProject.TestCase1_Register -->
