<?xml version="1.0" encoding="UTF-8"?>
<!-- Generated by org.testng.reporters.JUnitReportReporter -->
<testsuite hostname="Surajs-MBP.lan" failures="0" tests="1" name="mavendemoproject.MavenProject.AppTest" time="0.009" errors="0" timestamp="2024-09-19T17:37:31 GMT-07:00" skipped="0">
  <testcase classname="mavendemoproject.MavenProject.AppTest" name="shouldAnswerWithTrue" time="0.009"/>
</testsuite> <!-- mavendemoproject.MavenProject.AppTest -->
