<?xml version="1.0" encoding="UTF-8"?>
<!-- Generated by org.testng.reporters.JUnitReportReporter -->
<testsuite hostname="Surajs-MBP.lan" failures="0" tests="1" name="mavendemoproject.MavenProject.TestCase2_Successful_Login" time="6.143" errors="0" timestamp="2024-09-24T18:47:05 GMT-07:00" skipped="0">
  <testcase classname="mavendemoproject.MavenProject.TestCase2_Successful_Login" name="login" time="6.143"/>
</testsuite> <!-- mavendemoproject.MavenProject.TestCase2_Successful_Login -->
